This is pdfTeX, Version 3.1415926-2.5-1.40.14 (TeX Live 2013/Debian) (format=pdflatex 2014.7.9)  5 JUN 2015 10:41
entering extended mode
 restricted \write18 enabled.
 %&-line parsing enabled.
**sio2_h_ALS.tex
(./sio2_h_ALS.tex
LaTeX2e <2011/06/27>
Babel <3.9h> and hyphenation patterns for 4 languages loaded.
(/home/aelsayed/texmf/tex/latex/revtex/revtex4-1.cls
Document Class: revtex4-1 2010/07/25/20:33:00 4.1r (http://publish.aps.org/revt
ex4/ for documentation)
 Copyright (c) 2009 The American Physical Society.
 mailto:revtex@aps.org
 Licensed under the LPPL:
http://www.ctan.org/tex-archive/macros/latex/base/lppl.txt
 Arthur Ogawa <arthur_ogawa at sbcglobal dot net>
 Based on work by David Carlisle <david at dcarlisle.demon.co.uk>.
ltxutil[2010/07/25/20:33:00 4.1r utilities package (portions licensed from W. E
. Baxter web at superscript.com)]
LaTeX Info: Redefining \@centercr on input line 308.
Class revtex4-1 Info: Repairing broken LaTeX eqnarray on input line 358.
\eqncolsep=\skip41
Class revtex4-1 Info: Repairing hyperref-unfriendly LaTeX definition of \mpfoot
note on input line 433.
Class revtex4-1 Info: Repairing broken LateX \@sect on input line 755.
\intertabularlinepenalty=\count79
\@tbpen=\count80
\@arstrutbox@hline=\box26
Class revtex4-1 Info: Repairing broken LaTeX \@xbitor on input line 1786.
Class revtex4-1 Info: Making \typeout \long on input line 2046.
ltxfront[2010/07/25/20:33:00 4.1r frontmatter package (AO,DPC)]
\c@affil=\count81
\c@collab=\count82
\absbox=\box27
ltxgrid[2010/07/25/20:33:00 4.1r page grid package (portions licensed from W. E
. Baxter web at superscript.com)]
\c@linecount=\count83
\output@latex=\toks14
\box@size@1=\box28
\box@size@2=\box29
\@protection@box=\box30
\@topmark@saved=\toks15
\footins@saved=\box31
\footins@recovered=\box32
\column@recovered=\box33
\pagesofar=\box34
\footsofar=\box35
\pagegrid@col=\count84
Class revtex4-1 Info: Overriding \@vspace, \@vspacer, \@no@pgbk, \@newline, and
 \\  on input line 5578.
\c@part=\count85
\c@section=\count86
\c@subsection=\count87
\c@subsubsection=\count88
\c@paragraph=\count89
\c@subparagraph=\count90
\abovecaptionskip=\skip42
\belowcaptionskip=\skip43
\c@figure=\count91
\fbox@1=\box36
\c@table=\count92
\fbox@2=\box37
\c@video=\count93
\fbox@4=\box38
\@bibdataout=\write3
\widetext@top=\box39
\widetext@bot=\box40
Class revtex4-1 Info: Selecting society aps on input line 7542.
(/home/aelsayed/texmf/tex/latex/revtex/aps4-1.rtx
File: aps4-1 2010/07/25/20:33:00 4.1r (http://publish.aps.org/revtex4/ for docu
mentation)
Class revtex4-1 Info: RevTeX society APS selected on input line 31.
)
Class revtex4-1 Info: Selecting journal prb on input line 7544.
Class revtex4-1 Info: APS journal PRB selected on input line 7545.

(/home/aelsayed/texmf/tex/latex/revtex/aps10pt4-1.rtx
File: aps10pt4-1 2010/07/25/20:33:00 4.1r (http://publish.aps.org/revtex4/ for 
documentation)
Class revtex4-1 Info: RevTeX pointsize 10pt selected on input line 30.
)
(/usr/share/texlive/texmf-dist/tex/latex/textcase/textcase.sty
Package: textcase 2004/10/07 v0.07 Text only upper/lower case changing (DPC)
)
(/usr/share/texlive/texmf-dist/tex/latex/url/url.sty
\Urlmuskip=\muskip10
Package: url 2013/09/16  ver 3.4  Verb mode for urls, etc.
)
(/usr/share/texlive/texmf-dist/tex/latex/natbib/natbib.sty
Package: natbib 2010/09/13 8.31b (PWD, AO)
\bibhang=\skip44
\bibsep=\skip45
LaTeX Info: Redefining \cite on input line 694.
\c@NAT@ctr=\count94
)
Class revtex4-1 Info: Repairing natbib's \BibitemShut on input line 7549.

(/home/aelsayed/texmf/tex/latex/revtex/revsymb4-1.sty
Package: revsymb4-1 2010/07/25/20:33:00 4.1r (http://publish.aps.org/revtex4/ f
or documentation)
LaTeX Info: Redefining \REV@mathfrak on input line 119.
))
(/usr/share/texlive/texmf-dist/tex/latex/graphics/graphicx.sty
Package: graphicx 1999/02/16 v1.0f Enhanced LaTeX Graphics (DPC,SPQR)

(/usr/share/texlive/texmf-dist/tex/latex/graphics/keyval.sty
Package: keyval 1999/03/16 v1.13 key=value parser (DPC)
\KV@toks@=\toks16
)
(/usr/share/texlive/texmf-dist/tex/latex/graphics/graphics.sty
Package: graphics 2009/02/05 v1.0o Standard LaTeX Graphics (DPC,SPQR)

(/usr/share/texlive/texmf-dist/tex/latex/graphics/trig.sty
Package: trig 1999/03/16 v1.09 sin cos tan (DPC)
)
(/usr/share/texlive/texmf-dist/tex/latex/latexconfig/graphics.cfg
File: graphics.cfg 2010/04/23 v1.9 graphics configuration of TeX Live
)
Package graphics Info: Driver file: pdftex.def on input line 91.

(/usr/share/texlive/texmf-dist/tex/latex/pdftex-def/pdftex.def
File: pdftex.def 2011/05/27 v0.06d Graphics/color for pdfTeX

(/home/aelsayed/texmf/tex/latex/infwarerr.sty
Package: infwarerr 2010/04/08 v1.3 Providing info/warning/error messages (HO)
)
(/home/aelsayed/texmf/tex/generic/oberdiek/ltxcmds.sty
Package: ltxcmds 2011/11/09 v1.22 LaTeX kernel commands for general use (HO)
)
\Gread@gobject=\count95
))
\Gin@req@height=\dimen102
\Gin@req@width=\dimen103
)
(/home/aelsayed/texmf/tex/latex/oberdiek/epstopdf.sty
Package: epstopdf 2010/02/09 v2.5 Conversion with epstopdf on the fly (HO)

(/home/aelsayed/texmf/tex/latex/oberdiek/epstopdf-base.sty
Package: epstopdf-base 2010/02/09 v2.5 Base part for package epstopdf

(/home/aelsayed/texmf/tex/latex/oberdiek/grfext.sty
Package: grfext 2010/08/19 v1.1 Manage graphics extensions (HO)

(/home/aelsayed/texmf/tex/generic/oberdiek/kvdefinekeys.sty
Package: kvdefinekeys 2011/04/07 v1.3 Define keys (HO)
))
(/home/aelsayed/texmf/tex/latex/oberdiek/kvoptions.sty
Package: kvoptions 2011/06/30 v3.11 Key value format for package options (HO)

(/home/aelsayed/texmf/tex/generic/oberdiek/kvsetkeys.sty
Package: kvsetkeys 2012/04/25 v1.16 Key value parser (HO)

(/home/aelsayed/texmf/tex/generic/oberdiek/etexcmds.sty
Package: etexcmds 2011/02/16 v1.5 Avoid name clashes with e-TeX commands (HO)

(/home/aelsayed/texmf/tex/latex/ifluatex.sty
Package: ifluatex 2010/03/01 v1.3 Provides the ifluatex switch (HO)
Package ifluatex Info: LuaTeX not detected.
)
Package etexcmds Info: Could not find \expanded.
(etexcmds)             That can mean that you are not using pdfTeX 1.50 or
(etexcmds)             that some package has redefined \expanded.
(etexcmds)             In the latter case, load this package earlier.
)))
(/home/aelsayed/texmf/tex/latex/pdftexcmds.sty
Package: pdftexcmds 2011/11/29 v0.20 Utility functions of pdfTeX for LuaTeX (HO
)

(/home/aelsayed/texmf/tex/generic/oberdiek/ifpdf.sty
Package: ifpdf 2011/01/30 v2.3 Provides the ifpdf switch (HO)
Package ifpdf Info: pdfTeX in PDF mode is detected.
)
Package pdftexcmds Info: LuaTeX not detected.
Package pdftexcmds Info: \pdf@primitive is available.
Package pdftexcmds Info: \pdf@ifprimitive is available.
Package pdftexcmds Info: \pdfdraftmode found.
)
Package grfext Info: Graphics extension search list:
(grfext)             [.png,.pdf,.jpg,.mps,.jpeg,.jbig2,.jb2,.PNG,.PDF,.JPG,.JPE
G,.JBIG2,.JB2,.eps]
(grfext)             \AppendGraphicsExtensions on input line 452.

(/usr/share/texlive/texmf-dist/tex/latex/latexconfig/epstopdf-sys.cfg
File: epstopdf-sys.cfg 2010/07/13 v1.3 Configuration of (r)epstopdf for TeX Liv
e
)))
(/home/aelsayed/texmf/tex/latex/chemfig.sty
(/usr/share/texmf/tex/latex/pgf/frontendlayer/tikz.sty
(/usr/share/texmf/tex/latex/pgf/basiclayer/pgf.sty
(/usr/share/texmf/tex/latex/pgf/utilities/pgfrcs.sty
(/usr/share/texmf/tex/generic/pgf/utilities/pgfutil-common.tex
\pgfutil@everybye=\toks17
)
(/usr/share/texmf/tex/generic/pgf/utilities/pgfutil-latex.def
\pgfutil@abb=\box41

(/usr/share/texlive/texmf-dist/tex/latex/ms/everyshi.sty
Package: everyshi 2001/05/15 v3.00 EveryShipout Package (MS)
))
(/usr/share/texmf/tex/generic/pgf/utilities/pgfrcs.code.tex
Package: pgfrcs 2010/10/25 v2.10 (rcs-revision 1.24)
))
Package: pgf 2008/01/15 v2.10 (rcs-revision 1.12)

(/usr/share/texmf/tex/latex/pgf/basiclayer/pgfcore.sty
(/usr/share/texmf/tex/latex/pgf/systemlayer/pgfsys.sty
(/usr/share/texmf/tex/generic/pgf/systemlayer/pgfsys.code.tex
Package: pgfsys 2010/06/30 v2.10 (rcs-revision 1.37)

(/usr/share/texmf/tex/generic/pgf/utilities/pgfkeys.code.tex
\pgfkeys@pathtoks=\toks18
\pgfkeys@temptoks=\toks19

(/usr/share/texmf/tex/generic/pgf/utilities/pgfkeysfiltered.code.tex
\pgfkeys@tmptoks=\toks20
))
\pgf@x=\dimen104
\pgf@y=\dimen105
\pgf@xa=\dimen106
\pgf@ya=\dimen107
\pgf@xb=\dimen108
\pgf@yb=\dimen109
\pgf@xc=\dimen110
\pgf@yc=\dimen111
\w@pgf@writea=\write4
\r@pgf@reada=\read1
\c@pgf@counta=\count96
\c@pgf@countb=\count97
\c@pgf@countc=\count98
\c@pgf@countd=\count99

(/usr/share/texmf/tex/generic/pgf/systemlayer/pgf.cfg
File: pgf.cfg 2008/05/14  (rcs-revision 1.7)
)
Package pgfsys Info: Driver file for pgf: pgfsys-pdftex.def on input line 900.

(/usr/share/texmf/tex/generic/pgf/systemlayer/pgfsys-pdftex.def
File: pgfsys-pdftex.def 2009/05/22  (rcs-revision 1.26)

(/usr/share/texmf/tex/generic/pgf/systemlayer/pgfsys-common-pdf.def
File: pgfsys-common-pdf.def 2008/05/19  (rcs-revision 1.10)
)))
(/usr/share/texmf/tex/generic/pgf/systemlayer/pgfsyssoftpath.code.tex
File: pgfsyssoftpath.code.tex 2008/07/18  (rcs-revision 1.7)
\pgfsyssoftpath@smallbuffer@items=\count100
\pgfsyssoftpath@bigbuffer@items=\count101
)
(/usr/share/texmf/tex/generic/pgf/systemlayer/pgfsysprotocol.code.tex
File: pgfsysprotocol.code.tex 2006/10/16  (rcs-revision 1.4)
))
(/usr/share/texmf/tex/latex/xcolor/xcolor.sty
Package: xcolor 2007/01/21 v2.11 LaTeX color extensions (UK)

(/usr/share/texlive/texmf-dist/tex/latex/latexconfig/color.cfg
File: color.cfg 2007/01/18 v1.5 color configuration of teTeX/TeXLive
)
Package xcolor Info: Driver file: pdftex.def on input line 225.
Package xcolor Info: Model `cmy' substituted by `cmy0' on input line 1337.
Package xcolor Info: Model `hsb' substituted by `rgb' on input line 1341.
Package xcolor Info: Model `RGB' extended on input line 1353.
Package xcolor Info: Model `HTML' substituted by `rgb' on input line 1355.
Package xcolor Info: Model `Hsb' substituted by `hsb' on input line 1356.
Package xcolor Info: Model `tHsb' substituted by `hsb' on input line 1357.
Package xcolor Info: Model `HSB' substituted by `hsb' on input line 1358.
Package xcolor Info: Model `Gray' substituted by `gray' on input line 1359.
Package xcolor Info: Model `wave' substituted by `hsb' on input line 1360.
)
(/usr/share/texmf/tex/generic/pgf/basiclayer/pgfcore.code.tex
Package: pgfcore 2010/04/11 v2.10 (rcs-revision 1.7)

(/usr/share/texmf/tex/generic/pgf/math/pgfmath.code.tex
(/usr/share/texmf/tex/generic/pgf/math/pgfmathcalc.code.tex
(/usr/share/texmf/tex/generic/pgf/math/pgfmathutil.code.tex)
(/usr/share/texmf/tex/generic/pgf/math/pgfmathparser.code.tex
\pgfmath@dimen=\dimen112
\pgfmath@count=\count102
\pgfmath@box=\box42
\pgfmath@toks=\toks21
\pgfmath@stack@operand=\toks22
\pgfmath@stack@operation=\toks23
)
(/usr/share/texmf/tex/generic/pgf/math/pgfmathfunctions.code.tex
(/usr/share/texmf/tex/generic/pgf/math/pgfmathfunctions.basic.code.tex)
(/usr/share/texmf/tex/generic/pgf/math/pgfmathfunctions.trigonometric.code.tex)
(/usr/share/texmf/tex/generic/pgf/math/pgfmathfunctions.random.code.tex)
(/usr/share/texmf/tex/generic/pgf/math/pgfmathfunctions.comparison.code.tex)
(/usr/share/texmf/tex/generic/pgf/math/pgfmathfunctions.base.code.tex)
(/usr/share/texmf/tex/generic/pgf/math/pgfmathfunctions.round.code.tex)
(/usr/share/texmf/tex/generic/pgf/math/pgfmathfunctions.misc.code.tex)))
(/usr/share/texmf/tex/generic/pgf/math/pgfmathfloat.code.tex
\c@pgfmathroundto@lastzeros=\count103
))
(/usr/share/texmf/tex/generic/pgf/basiclayer/pgfcorepoints.code.tex
File: pgfcorepoints.code.tex 2010/04/09  (rcs-revision 1.20)
\pgf@picminx=\dimen113
\pgf@picmaxx=\dimen114
\pgf@picminy=\dimen115
\pgf@picmaxy=\dimen116
\pgf@pathminx=\dimen117
\pgf@pathmaxx=\dimen118
\pgf@pathminy=\dimen119
\pgf@pathmaxy=\dimen120
\pgf@xx=\dimen121
\pgf@xy=\dimen122
\pgf@yx=\dimen123
\pgf@yy=\dimen124
\pgf@zx=\dimen125
\pgf@zy=\dimen126
)
(/usr/share/texmf/tex/generic/pgf/basiclayer/pgfcorepathconstruct.code.tex
File: pgfcorepathconstruct.code.tex 2010/08/03  (rcs-revision 1.24)
\pgf@path@lastx=\dimen127
\pgf@path@lasty=\dimen128
)
(/usr/share/texmf/tex/generic/pgf/basiclayer/pgfcorepathusage.code.tex
File: pgfcorepathusage.code.tex 2008/04/22  (rcs-revision 1.12)
\pgf@shorten@end@additional=\dimen129
\pgf@shorten@start@additional=\dimen130
)
(/usr/share/texmf/tex/generic/pgf/basiclayer/pgfcorescopes.code.tex
File: pgfcorescopes.code.tex 2010/09/08  (rcs-revision 1.34)
\pgfpic=\box43
\pgf@hbox=\box44
\pgf@layerbox@main=\box45
\pgf@picture@serial@count=\count104
)
(/usr/share/texmf/tex/generic/pgf/basiclayer/pgfcoregraphicstate.code.tex
File: pgfcoregraphicstate.code.tex 2008/04/22  (rcs-revision 1.9)
\pgflinewidth=\dimen131
)
(/usr/share/texmf/tex/generic/pgf/basiclayer/pgfcoretransformations.code.tex
File: pgfcoretransformations.code.tex 2009/06/10  (rcs-revision 1.11)
\pgf@pt@x=\dimen132
\pgf@pt@y=\dimen133
\pgf@pt@temp=\dimen134
)
(/usr/share/texmf/tex/generic/pgf/basiclayer/pgfcorequick.code.tex
File: pgfcorequick.code.tex 2008/10/09  (rcs-revision 1.3)
)
(/usr/share/texmf/tex/generic/pgf/basiclayer/pgfcoreobjects.code.tex
File: pgfcoreobjects.code.tex 2006/10/11  (rcs-revision 1.2)
)
(/usr/share/texmf/tex/generic/pgf/basiclayer/pgfcorepathprocessing.code.tex
File: pgfcorepathprocessing.code.tex 2008/10/09  (rcs-revision 1.8)
)
(/usr/share/texmf/tex/generic/pgf/basiclayer/pgfcorearrows.code.tex
File: pgfcorearrows.code.tex 2008/04/23  (rcs-revision 1.11)
)
(/usr/share/texmf/tex/generic/pgf/basiclayer/pgfcoreshade.code.tex
File: pgfcoreshade.code.tex 2008/11/23  (rcs-revision 1.13)
\pgf@max=\dimen135
\pgf@sys@shading@range@num=\count105
)
(/usr/share/texmf/tex/generic/pgf/basiclayer/pgfcoreimage.code.tex
File: pgfcoreimage.code.tex 2010/03/25  (rcs-revision 1.16)

(/usr/share/texmf/tex/generic/pgf/basiclayer/pgfcoreexternal.code.tex
File: pgfcoreexternal.code.tex 2010/09/01  (rcs-revision 1.17)
\pgfexternal@startupbox=\box46
))
(/usr/share/texmf/tex/generic/pgf/basiclayer/pgfcorelayers.code.tex
File: pgfcorelayers.code.tex 2010/08/27  (rcs-revision 1.2)
)
(/usr/share/texmf/tex/generic/pgf/basiclayer/pgfcoretransparency.code.tex
File: pgfcoretransparency.code.tex 2008/01/17  (rcs-revision 1.2)
)
(/usr/share/texmf/tex/generic/pgf/basiclayer/pgfcorepatterns.code.tex
File: pgfcorepatterns.code.tex 2009/07/02  (rcs-revision 1.3)
)))
(/usr/share/texmf/tex/generic/pgf/modules/pgfmoduleshapes.code.tex
File: pgfmoduleshapes.code.tex 2010/09/09  (rcs-revision 1.13)
\pgfnodeparttextbox=\box47
)
(/usr/share/texmf/tex/generic/pgf/modules/pgfmoduleplot.code.tex
File: pgfmoduleplot.code.tex 2010/10/22  (rcs-revision 1.8)
)
(/usr/share/texmf/tex/latex/pgf/compatibility/pgfcomp-version-0-65.sty
Package: pgfcomp-version-0-65 2007/07/03 v2.10 (rcs-revision 1.7)
\pgf@nodesepstart=\dimen136
\pgf@nodesepend=\dimen137
)
(/usr/share/texmf/tex/latex/pgf/compatibility/pgfcomp-version-1-18.sty
Package: pgfcomp-version-1-18 2007/07/23 v2.10 (rcs-revision 1.1)
))
(/usr/share/texmf/tex/latex/pgf/utilities/pgffor.sty
(/usr/share/texmf/tex/latex/pgf/utilities/pgfkeys.sty
(/usr/share/texmf/tex/generic/pgf/utilities/pgfkeys.code.tex))
(/usr/share/texmf/tex/generic/pgf/utilities/pgffor.code.tex
Package: pgffor 2010/03/23 v2.10 (rcs-revision 1.18)
\pgffor@iter=\dimen138
\pgffor@skip=\dimen139
\pgffor@stack=\toks24
\pgffor@toks=\toks25
))
(/usr/share/texmf/tex/generic/pgf/frontendlayer/tikz/tikz.code.tex
Package: tikz 2010/10/13 v2.10 (rcs-revision 1.76)

(/usr/share/texmf/tex/generic/pgf/libraries/pgflibraryplothandlers.code.tex
File: pgflibraryplothandlers.code.tex 2010/05/31 v2.10 (rcs-revision 1.15)
\pgf@plot@mark@count=\count106
\pgfplotmarksize=\dimen140
)
\tikz@lastx=\dimen141
\tikz@lasty=\dimen142
\tikz@lastxsaved=\dimen143
\tikz@lastysaved=\dimen144
\tikzleveldistance=\dimen145
\tikzsiblingdistance=\dimen146
\tikz@figbox=\box48
\tikz@tempbox=\box49
\tikztreelevel=\count107
\tikznumberofchildren=\count108
\tikznumberofcurrentchild=\count109
\tikz@fig@count=\count110

(/usr/share/texmf/tex/generic/pgf/modules/pgfmodulematrix.code.tex
File: pgfmodulematrix.code.tex 2010/08/24  (rcs-revision 1.4)
\pgfmatrixcurrentrow=\count111
\pgfmatrixcurrentcolumn=\count112
\pgf@matrix@numberofcolumns=\count113
)
\tikz@expandcount=\count114

(/usr/share/texmf/tex/generic/pgf/frontendlayer/tikz/libraries/tikzlibrarytopat
hs.code.tex
File: tikzlibrarytopaths.code.tex 2008/06/17 v2.10 (rcs-revision 1.2)
))) (/home/aelsayed/texmf/tex/latex/chemfig.tex
\CF@cnt@atomingroup=\count115
\CF@cnt@groupnumber=\count116
\CF@cnt@atomnumber=\count117
\CF@cnt@cycle=\count118
\CF@dim=\dimen147
\CF@lewis@box=\box50
\CF@box@boxa=\box51
\CF@box@boxb=\box52
\CF@stuff@box=\box53
\CF@unused=\write5
\CF@compound@cnt=\count119
\CF@arrow@size=\dimen148
)
Package: chemfig 2013/11/28 v1.0h Draw molecule with an easy syntax
)
Class revtex4-1 Info: Patching LaTeX tabular. on input line 6.
Class revtex4-1 Info: Robustifying \LaTeX's \boldmath command on input line 6.
Class revtex4-1 Info: cite was not loaded (OK!) on input line 6.
Class revtex4-1 Info: mcite was not loaded (OK!) on input line 6.
Class revtex4-1 Info: multicol was not loaded (OK!) on input line 6.
 (./sio2_h_ALS.aux)
\openout1 = `sio2_h_ALS.aux'.

LaTeX Font Info:    Checking defaults for OML/cmm/m/it on input line 6.
LaTeX Font Info:    ... okay on input line 6.
LaTeX Font Info:    Checking defaults for T1/cmr/m/n on input line 6.
LaTeX Font Info:    ... okay on input line 6.
LaTeX Font Info:    Checking defaults for OT1/cmr/m/n on input line 6.
LaTeX Font Info:    ... okay on input line 6.
LaTeX Font Info:    Checking defaults for OMS/cmsy/m/n on input line 6.
LaTeX Font Info:    ... okay on input line 6.
LaTeX Font Info:    Checking defaults for OMX/cmex/m/n on input line 6.
LaTeX Font Info:    ... okay on input line 6.
LaTeX Font Info:    Checking defaults for U/cmr/m/n on input line 6.
LaTeX Font Info:    ... okay on input line 6.
(/usr/share/texlive/texmf-dist/tex/context/base/supp-pdf.mkii
[Loading MPS to PDF converter (version 2006.09.02).]
\scratchcounter=\count120
\scratchdimen=\dimen149
\scratchbox=\box54
\nofMPsegments=\count121
\nofMParguments=\count122
\everyMPshowfont=\toks26
\MPscratchCnt=\count123
\MPscratchDim=\dimen150
\MPnumerator=\count124
\makeMPintoPDFobject=\count125
\everyMPtoPDFconversion=\toks27
) ABD: EveryShipout initializing macros
\openout3 = `sio2_h_ALSNotes.bib'.

LaTeX Font Info:    External font `cmex10' loaded for size
(Font)              <9> on input line 33.
LaTeX Font Info:    External font `cmex10' loaded for size
(Font)              <6> on input line 33.
LaTeX Font Info:    External font `cmex10' loaded for size
(Font)              <5> on input line 33.
LaTeX Font Info:    External font `cmex10' loaded for size
(Font)              <7> on input line 39.


Class revtex4-1 Warning: If you want your keywords to appear in your output, us
e document class option showkeys.

[1{/var/lib/texmf/fonts/map/pdftex/updmap/pdftex.map}] [2]
<hydroxyl_eprime_configurations2.png, id=26, 212.7147pt x 252.7041pt>
File: hydroxyl_eprime_configurations2.png Graphic file (type png)

<use hydroxyl_eprime_configurations2.png>
Package pdftex.def Info: hydroxyl_eprime_configurations2.png used on input line
 88.
(pdftex.def)             Requested size: 212.71417pt x 252.70348pt.


LaTeX Warning: `!h' float specifier changed to `!ht'.

[3]

LaTeX Warning: A float is stuck (cannot be placed); try class option [floatfix]
 on input line 94.


Underfull \hbox (badness 2762) in paragraph at lines 101--102
[]\OT1/cmr/m/n/10 The to-tal en-ergy of the sys-tem con-tain-ing the
 []

<hydroxyl_eprime_distribution.png, id=33, 248.6088pt x 192.72pt>
File: hydroxyl_eprime_distribution.png Graphic file (type png)

<use hydroxyl_eprime_distribution.png>
Package pdftex.def Info: hydroxyl_eprime_distribution.png used on input line 10
9.
(pdftex.def)             Requested size: 248.60817pt x 192.71951pt.

Overfull \hbox (2.60817pt too wide) in paragraph at lines 109--110
 [][] 
 []


Underfull \hbox (badness 4479) in paragraph at lines 114--115
[]\OT1/cmr/m/n/10 The av-er-age Mul-liken spin mo-ment of the 3-
 []

[4 <./hydroxyl_eprime_configurations2.png>]

LaTeX Warning: A float is stuck (cannot be placed); try class option [floatfix]
 on input line 115.

<hdefects_sisio2.png, id=38, 227.6505pt x 150.8034pt>
File: hdefects_sisio2.png Graphic file (type png)

<use hdefects_sisio2.png>
Package pdftex.def Info: hdefects_sisio2.png used on input line 117.
(pdftex.def)             Requested size: 227.64993pt x 150.80302pt.


LaTeX Warning: `!h' float specifier changed to `!ht'.

<formation_thermodynamic_levels3.png, id=39, 244.7544pt x 433.62pt>
File: formation_thermodynamic_levels3.png Graphic file (type png)

<use formation_thermodynamic_levels3.png>
Package pdftex.def Info: formation_thermodynamic_levels3.png used on input line
 125.
(pdftex.def)             Requested size: 244.75378pt x 433.61894pt.


LaTeX Warning: `!h' float specifier changed to `!ht'.

[5 <./hydroxyl_eprime_distribution.png> <./hdefects_sisio2.png>]

LaTeX Warning: A float is stuck (cannot be placed); try class option [floatfix]
 on input line 135.

<thermodynamic_levels4.png, id=45, 244.7544pt x 177.3024pt>
File: thermodynamic_levels4.png Graphic file (type png)

<use thermodynamic_levels4.png>
Package pdftex.def Info: thermodynamic_levels4.png used on input line 137.
(pdftex.def)             Requested size: 244.75378pt x 177.30194pt.


LaTeX Warning: `!h' float specifier changed to `!ht'.


Underfull \hbox (badness 3977) in paragraph at lines 148--149
[]\OT1/cmr/m/n/10 Hydrogen pas-si-va-tion of the E$[]$ cen-ter and 3-
 []

[6 <./formation_thermodynamic_levels3.png> <./thermodynamic_levels4.png>]
<hydrogen_bridge_configurations2.png, id=51, 230.0595pt x 108.405pt>
File: hydrogen_bridge_configurations2.png Graphic file (type png)

<use hydrogen_bridge_configurations2.png>
Package pdftex.def Info: hydrogen_bridge_configurations2.png used on input line
 219.
(pdftex.def)             Requested size: 230.05893pt x 108.40472pt.


LaTeX Warning: `!h' float specifier changed to `!ht'.

[7] <hbridge_lengths_labelled.png, id=56, 236.082pt x 180.675pt>
File: hbridge_lengths_labelled.png Graphic file (type png)

<use hbridge_lengths_labelled.png>
Package pdftex.def Info: hbridge_lengths_labelled.png used on input line 230.
(pdftex.def)             Requested size: 236.0814pt x 180.67455pt.

<hbridge_007_2.png, id=57, 251.9814pt x 267.399pt>
File: hbridge_007_2.png Graphic file (type png)
 <use hbridge_007_2.png>
Package pdftex.def Info: hbridge_007_2.png used on input line 239.
(pdftex.def)             Requested size: 251.98077pt x 267.39835pt.

Overfull \hbox (5.98077pt too wide) in paragraph at lines 239--240
 [][] 
 []


LaTeX Warning: `!h' float specifier changed to `!ht'.

[8 <./hydrogen_bridge_configurations2.png>]

LaTeX Warning: A float is stuck (cannot be placed); try class option [floatfix]
 on input line 252.

<hbridge_analysis.png, id=63, 256.0767pt x 165.7392pt>
File: hbridge_analysis.png Graphic file (type png)

<use hbridge_analysis.png>
Package pdftex.def Info: hbridge_analysis.png used on input line 256.
(pdftex.def)             Requested size: 256.07608pt x 165.73877pt.

Overfull \hbox (10.07608pt too wide) in paragraph at lines 256--257
 [][] 
 []


LaTeX Warning: `!h' float specifier changed to `!ht'.

[9 <./hbridge_lengths_labelled.png> <./hbridge_007_2.png>]

LaTeX Warning: A float is stuck (cannot be placed); try class option [floatfix]
 on input line 270.

[10 <./hbridge_analysis.png>]
Missing character: There is no Ã in font cmr9!
Missing character: There is no ± in font cmr9!
Missing character: There is no Ã in font cmr9!
Missing character: There is no © in font cmr9!

Underfull \hbox (badness 1748) in paragraph at lines 497--503
 []\OT1/cmr/m/n/9 S. Gi-rard, J. Kuhn-henn, A. Gusarov, B. Brichard,
 []

[11]
Underfull \hbox (badness 1173) in paragraph at lines 755--759
 []\OT1/cmr/m/n/9 A.-M. El-Sayed, M. B. Watkins, T. Grasser, V. V.
 []

Missing character: There is no Ã in font cmr9!
Missing character: There is no ³ in font cmr9!
Missing character: There is no â in font cmr9!
Missing character: There is no € in font cmr9!
Missing character: There is no ™ in font cmr9!

Underfull \hbox (badness 1173) in paragraph at lines 1004--1010
 []\OT1/cmr/m/n/9 A.-M. El-Sayed, M. B. Watkins, T. Grasser, V. V.
 []

[12] (./sio2_h_ALS.aux) ) 
Here is how much of TeX's memory you used:
 13064 strings out of 494985
 235683 string characters out of 6180357
 467938 words of memory out of 5000000
 16056 multiletter control sequences out of 15000+600000
 7366 words of font info for 26 fonts, out of 8000000 for 9000
 36 hyphenation exceptions out of 8191
 63i,26n,93p,2983b,1766s stack positions out of 5000i,500n,10000p,200000b,80000s
</usr/share/texlive/texmf-dist/fonts/type1/public/amsf
onts/cm/cmbx12.pfb></usr/share/texlive/texmf-dist/fonts/type1/public/amsfonts/c
m/cmbx9.pfb></usr/share/texlive/texmf-dist/fonts/type1/public/amsfonts/cm/cmex1
0.pfb></usr/share/texlive/texmf-dist/fonts/type1/public/amsfonts/cm/cmmi10.pfb>
</usr/share/texlive/texmf-dist/fonts/type1/public/amsfonts/cm/cmmi5.pfb></usr/s
hare/texlive/texmf-dist/fonts/type1/public/amsfonts/cm/cmmi7.pfb></usr/share/te
xlive/texmf-dist/fonts/type1/public/amsfonts/cm/cmr10.pfb></usr/share/texlive/t
exmf-dist/fonts/type1/public/amsfonts/cm/cmr5.pfb></usr/share/texlive/texmf-dis
t/fonts/type1/public/amsfonts/cm/cmr6.pfb></usr/share/texlive/texmf-dist/fonts/
type1/public/amsfonts/cm/cmr7.pfb></usr/share/texlive/texmf-dist/fonts/type1/pu
blic/amsfonts/cm/cmr8.pfb></usr/share/texlive/texmf-dist/fonts/type1/public/ams
fonts/cm/cmr9.pfb></usr/share/texlive/texmf-dist/fonts/type1/public/amsfonts/cm
/cmsy10.pfb></usr/share/texlive/texmf-dist/fonts/type1/public/amsfonts/cm/cmsy6
.pfb></usr/share/texlive/texmf-dist/fonts/type1/public/amsfonts/cm/cmsy7.pfb></
usr/share/texlive/texmf-dist/fonts/type1/public/amsfonts/cm/cmti10.pfb></usr/sh
are/texlive/texmf-dist/fonts/type1/public/amsfonts/cm/cmti9.pfb>
Output written on sio2_h_ALS.pdf (12 pages, 2512427 bytes).
PDF statistics:
 133 PDF objects out of 1000 (max. 8388607)
 83 compressed objects within 1 object stream
 0 named destinations out of 1000 (max. 500000)
 58 words of extra memory for PDF output out of 10000 (max. 10000000)

